nohup: ignoring input
info: Microsoft.Hosting.Lifetime[14]
      Now listening on: http://0.0.0.0:5274
info: Microsoft.Hosting.Lifetime[0]
      Application started. Press Ctrl+C to shut down.
info: Microsoft.Hosting.Lifetime[0]
      Hosting environment: Production
info: Microsoft.Hosting.Lifetime[0]
      Content root path: /root/BackEnd/WebSocketDotNet/SignalRGame/bin/Release/net8.0/publish
warn: Microsoft.AspNetCore.HttpsPolicy.HttpsRedirectionMiddleware[3]
      Failed to determine the https port for redirect.
info: System.Net.Http.HttpClient.Default.LogicalHandler[100]
      Start processing HTTP request GET http://localhost:8004/api/user/id/
info: System.Net.Http.HttpClient.Default.ClientHandler[100]
      Sending HTTP request GET http://localhost:8004/api/user/id/
info: System.Net.Http.HttpClient.Default.ClientHandler[101]
      Received HTTP response headers after 54.675ms - 200
info: System.Net.Http.HttpClient.Default.LogicalHandler[101]
      End processing HTTP request after 75.973ms - 200
[LoginRoom] Token mapped for user 11
info: System.Net.Http.HttpClient.Default.LogicalHandler[100]
      Start processing HTTP request GET http://localhost:8004/api/user/friends/list/
info: System.Net.Http.HttpClient.Default.ClientHandler[100]
      Sending HTTP request GET http://localhost:8004/api/user/friends/list/
info: System.Net.Http.HttpClient.Default.ClientHandler[101]
      Received HTTP response headers after 35.549ms - 200
info: System.Net.Http.HttpClient.Default.LogicalHandler[101]
      End processing HTTP request after 36.2753ms - 200
sent empty online friends
entered Notify
info: System.Net.Http.HttpClient.Default.LogicalHandler[100]
      Start processing HTTP request GET http://localhost:8004/api/user/id/
info: System.Net.Http.HttpClient.Default.ClientHandler[100]
      Sending HTTP request GET http://localhost:8004/api/user/id/
info: System.Net.Http.HttpClient.Default.ClientHandler[101]
      Received HTTP response headers after 59.5632ms - 200
info: System.Net.Http.HttpClient.Default.LogicalHandler[101]
      End processing HTTP request after 59.7673ms - 200
11
info: System.Net.Http.HttpClient.Default.LogicalHandler[100]
      Start processing HTTP request GET http://localhost:8004/api/user/friends/list/
info: System.Net.Http.HttpClient.Default.ClientHandler[100]
      Sending HTTP request GET http://localhost:8004/api/user/friends/list/
info: System.Net.Http.HttpClient.Default.ClientHandler[101]
      Received HTTP response headers after 86.6185ms - 200
info: System.Net.Http.HttpClient.Default.LogicalHandler[101]
      End processing HTTP request after 86.7787ms - 200
Friend ID: 5, Profile Name: a_neklawi, Score: 102
Friend ID: 4, Profile Name: Markizz0, Score: 23
Friend ID: 10, Profile Name: aaaa, Score: 680
Friend ID: 15, Profile Name: aymoon, Score: 20164
info: System.Net.Http.HttpClient.Default.LogicalHandler[100]
      Start processing HTTP request GET http://localhost:8004/api/user/id/
info: System.Net.Http.HttpClient.Default.ClientHandler[100]
      Sending HTTP request GET http://localhost:8004/api/user/id/
info: System.Net.Http.HttpClient.Default.ClientHandler[101]
      Received HTTP response headers after 23.5521ms - 200
info: System.Net.Http.HttpClient.Default.LogicalHandler[101]
      End processing HTTP request after 24.0144ms - 200
[LoginRoom] Token mapped for user 11
You have been logged out due to a new login.
info: System.Net.Http.HttpClient.Default.LogicalHandler[100]
      Start processing HTTP request GET http://localhost:8004/api/user/friends/list/
info: System.Net.Http.HttpClient.Default.ClientHandler[100]
      Sending HTTP request GET http://localhost:8004/api/user/friends/list/
info: System.Net.Http.HttpClient.Default.ClientHandler[101]
      Received HTTP response headers after 86.0557ms - 200
info: System.Net.Http.HttpClient.Default.LogicalHandler[101]
      End processing HTTP request after 86.688ms - 200
sent empty online friends
entered Notify
info: System.Net.Http.HttpClient.Default.LogicalHandler[100]
      Start processing HTTP request GET http://localhost:8004/api/user/id/
info: System.Net.Http.HttpClient.Default.ClientHandler[100]
      Sending HTTP request GET http://localhost:8004/api/user/id/
info: System.Net.Http.HttpClient.Default.ClientHandler[101]
      Received HTTP response headers after 61.7885ms - 200
info: System.Net.Http.HttpClient.Default.LogicalHandler[101]
      End processing HTTP request after 62.1995ms - 200
11
info: System.Net.Http.HttpClient.Default.LogicalHandler[100]
      Start processing HTTP request GET http://localhost:8004/api/user/friends/list/
info: System.Net.Http.HttpClient.Default.ClientHandler[100]
      Sending HTTP request GET http://localhost:8004/api/user/friends/list/
Friend ID: 5, Profile Name: a_neklawi, Score: 102
Friend ID: 4, Profile Name: Markizz0, Score: 23
Friend ID: 10, Profile Name: aaaa, Score: 680
Friend ID: 15, Profile Name: aymoon, Score: 20164
info: System.Net.Http.HttpClient.Default.ClientHandler[101]
      Received HTTP response headers after 94.7733ms - 200
info: System.Net.Http.HttpClient.Default.LogicalHandler[101]
      End processing HTTP request after 95.1108ms - 200
info: System.Net.Http.HttpClient.Default.LogicalHandler[100]
      Start processing HTTP request GET http://localhost:8004/api/user/id/
info: System.Net.Http.HttpClient.Default.ClientHandler[100]
      Sending HTTP request GET http://localhost:8004/api/user/id/
[LoginRoom] Token mapped for user 11
info: System.Net.Http.HttpClient.Default.ClientHandler[101]
      Received HTTP response headers after 62.9401ms - 200
info: System.Net.Http.HttpClient.Default.LogicalHandler[101]
      End processing HTTP request after 63.1128ms - 200
info: System.Net.Http.HttpClient.Default.LogicalHandler[100]
      Start processing HTTP request GET http://localhost:8004/api/user/friends/list/
info: System.Net.Http.HttpClient.Default.ClientHandler[100]
      Sending HTTP request GET http://localhost:8004/api/user/friends/list/
info: System.Net.Http.HttpClient.Default.ClientHandler[101]
      Received HTTP response headers after 79.5039ms - 200
info: System.Net.Http.HttpClient.Default.LogicalHandler[101]
      End processing HTTP request after 79.8678ms - 200
sent empty online friends
entered Notify
info: System.Net.Http.HttpClient.Default.LogicalHandler[100]
      Start processing HTTP request GET http://localhost:8004/api/user/id/
info: System.Net.Http.HttpClient.Default.ClientHandler[100]
      Sending HTTP request GET http://localhost:8004/api/user/id/
info: System.Net.Http.HttpClient.Default.ClientHandler[101]
      Received HTTP response headers after 66.4224ms - 200
info: System.Net.Http.HttpClient.Default.LogicalHandler[101]
      End processing HTTP request after 66.778ms - 200
11
info: System.Net.Http.HttpClient.Default.LogicalHandler[100]
      Start processing HTTP request GET http://localhost:8004/api/user/friends/list/
info: System.Net.Http.HttpClient.Default.ClientHandler[100]
      Sending HTTP request GET http://localhost:8004/api/user/friends/list/
info: System.Net.Http.HttpClient.Default.ClientHandler[101]
      Received HTTP response headers after 87.7233ms - 200
info: System.Net.Http.HttpClient.Default.LogicalHandler[101]
      End processing HTTP request after 87.9139ms - 200
Friend ID: 5, Profile Name: a_neklawi, Score: 102
Friend ID: 4, Profile Name: Markizz0, Score: 23
Friend ID: 10, Profile Name: aaaa, Score: 680
Friend ID: 15, Profile Name: aymoon, Score: 20164
Removed user 11 from UserIdToConnectionId map successfully.
Removed user 11 from their login room successfully.
User 11 was not Host of any room.
User 11 was not particpant of any room.
info: System.Net.Http.HttpClient.Default.LogicalHandler[100]
      Start processing HTTP request GET http://localhost:8004/api/user/friends/list/11/
info: System.Net.Http.HttpClient.Default.ClientHandler[100]
      Sending HTTP request GET http://localhost:8004/api/user/friends/list/11/
info: System.Net.Http.HttpClient.Default.ClientHandler[101]
      Received HTTP response headers after 39.5771ms - 200
info: System.Net.Http.HttpClient.Default.LogicalHandler[101]
      End processing HTTP request after 39.7506ms - 200
Friend ID: 5, Profile Name: a_neklawi, Score: 102
Friend ID: 4, Profile Name: Markizz0, Score: 23
Friend ID: 10, Profile Name: aaaa, Score: 680
Friend ID: 15, Profile Name: aymoon, Score: 20164
info: System.Net.Http.HttpClient.Default.LogicalHandler[100]
      Start processing HTTP request GET http://localhost:8004/api/user/id/
info: System.Net.Http.HttpClient.Default.ClientHandler[100]
      Sending HTTP request GET http://localhost:8004/api/user/id/
info: System.Net.Http.HttpClient.Default.ClientHandler[101]
      Received HTTP response headers after 21.117ms - 200
info: System.Net.Http.HttpClient.Default.LogicalHandler[101]
      End processing HTTP request after 21.6572ms - 200
[LoginRoom] Token mapped for user 11
info: System.Net.Http.HttpClient.Default.LogicalHandler[100]
      Start processing HTTP request GET http://localhost:8004/api/user/friends/list/
info: System.Net.Http.HttpClient.Default.ClientHandler[100]
      Sending HTTP request GET http://localhost:8004/api/user/friends/list/
info: System.Net.Http.HttpClient.Default.ClientHandler[101]
      Received HTTP response headers after 90.2224ms - 200
info: System.Net.Http.HttpClient.Default.LogicalHandler[101]
      End processing HTTP request after 90.5648ms - 200
sent empty online friends
entered Notify
info: System.Net.Http.HttpClient.Default.LogicalHandler[100]
      Start processing HTTP request GET http://localhost:8004/api/user/id/
info: System.Net.Http.HttpClient.Default.ClientHandler[100]
      Sending HTTP request GET http://localhost:8004/api/user/id/
info: System.Net.Http.HttpClient.Default.ClientHandler[101]
      Received HTTP response headers after 59.3501ms - 200
info: System.Net.Http.HttpClient.Default.LogicalHandler[101]
      End processing HTTP request after 59.7259ms - 200
11
info: System.Net.Http.HttpClient.Default.LogicalHandler[100]
      Start processing HTTP request GET http://localhost:8004/api/user/friends/list/
info: System.Net.Http.HttpClient.Default.ClientHandler[100]
      Sending HTTP request GET http://localhost:8004/api/user/friends/list/
info: System.Net.Http.HttpClient.Default.ClientHandler[101]
      Received HTTP response headers after 79.4281ms - 200
info: System.Net.Http.HttpClient.Default.LogicalHandler[101]
      End processing HTTP request after 79.7422ms - 200
Friend ID: 5, Profile Name: a_neklawi, Score: 102
Friend ID: 4, Profile Name: Markizz0, Score: 23
Friend ID: 10, Profile Name: aaaa, Score: 680
Friend ID: 15, Profile Name: aymoon, Score: 20164
Removed user 11 from UserIdToConnectionId map successfully.
Removed user 11 from their login room successfully.
User 11 was not Host of any room.
User 11 was not particpant of any room.
info: System.Net.Http.HttpClient.Default.LogicalHandler[100]
      Start processing HTTP request GET http://localhost:8004/api/user/friends/list/11/
info: System.Net.Http.HttpClient.Default.ClientHandler[100]
      Sending HTTP request GET http://localhost:8004/api/user/friends/list/11/
info: System.Net.Http.HttpClient.Default.ClientHandler[101]
      Received HTTP response headers after 28.2272ms - 200
info: System.Net.Http.HttpClient.Default.LogicalHandler[101]
      End processing HTTP request after 28.3693ms - 200
Friend ID: 5, Profile Name: a_neklawi, Score: 102
Friend ID: 4, Profile Name: Markizz0, Score: 23
Friend ID: 10, Profile Name: aaaa, Score: 680
Friend ID: 15, Profile Name: aymoon, Score: 20164
info: System.Net.Http.HttpClient.Default.LogicalHandler[100]
      Start processing HTTP request GET http://localhost:8004/api/user/id/
info: System.Net.Http.HttpClient.Default.ClientHandler[100]
      Sending HTTP request GET http://localhost:8004/api/user/id/
info: System.Net.Http.HttpClient.Default.ClientHandler[101]
      Received HTTP response headers after 19.5316ms - 200
info: System.Net.Http.HttpClient.Default.LogicalHandler[101]
      End processing HTTP request after 19.8277ms - 200
[LoginRoom] Token mapped for user 11
info: System.Net.Http.HttpClient.Default.LogicalHandler[100]
      Start processing HTTP request GET http://localhost:8004/api/user/friends/list/
info: System.Net.Http.HttpClient.Default.ClientHandler[100]
      Sending HTTP request GET http://localhost:8004/api/user/friends/list/
info: System.Net.Http.HttpClient.Default.ClientHandler[101]
      Received HTTP response headers after 78.6434ms - 200
info: System.Net.Http.HttpClient.Default.LogicalHandler[101]
      End processing HTTP request after 78.9783ms - 200
sent empty online friends
entered Notify
info: System.Net.Http.HttpClient.Default.LogicalHandler[100]
      Start processing HTTP request GET http://localhost:8004/api/user/id/
info: System.Net.Http.HttpClient.Default.ClientHandler[100]
      Sending HTTP request GET http://localhost:8004/api/user/id/
11
info: System.Net.Http.HttpClient.Default.ClientHandler[101]
      Received HTTP response headers after 58.4487ms - 200
info: System.Net.Http.HttpClient.Default.LogicalHandler[101]
      End processing HTTP request after 58.6472ms - 200
info: System.Net.Http.HttpClient.Default.LogicalHandler[100]
      Start processing HTTP request GET http://localhost:8004/api/user/friends/list/
info: System.Net.Http.HttpClient.Default.ClientHandler[100]
      Sending HTTP request GET http://localhost:8004/api/user/friends/list/
Friend ID: 5, Profile Name: a_neklawi, Score: 102
Friend ID: 4, Profile Name: Markizz0, Score: 23
Friend ID: 10, Profile Name: aaaa, Score: 680
Friend ID: 15, Profile Name: aymoon, Score: 20164
info: System.Net.Http.HttpClient.Default.ClientHandler[101]
      Received HTTP response headers after 67.8684ms - 200
info: System.Net.Http.HttpClient.Default.LogicalHandler[101]
      End processing HTTP request after 68.1018ms - 200
Removed user 11 from UserIdToConnectionId map successfully.
Removed user 11 from their login room successfully.
User 11 was not Host of any room.
User 11 was not particpant of any room.
info: System.Net.Http.HttpClient.Default.LogicalHandler[100]
      Start processing HTTP request GET http://localhost:8004/api/user/friends/list/11/
info: System.Net.Http.HttpClient.Default.ClientHandler[100]
      Sending HTTP request GET http://localhost:8004/api/user/friends/list/11/
Friend ID: 5, Profile Name: a_neklawi, Score: 102
Friend ID: 4, Profile Name: Markizz0, Score: 23
Friend ID: 10, Profile Name: aaaa, Score: 680
Friend ID: 15, Profile Name: aymoon, Score: 20164
info: System.Net.Http.HttpClient.Default.ClientHandler[101]
      Received HTTP response headers after 43.502ms - 200
info: System.Net.Http.HttpClient.Default.LogicalHandler[101]
      End processing HTTP request after 43.7422ms - 200
info: System.Net.Http.HttpClient.Default.LogicalHandler[100]
      Start processing HTTP request GET http://localhost:8004/api/user/id/
info: System.Net.Http.HttpClient.Default.ClientHandler[100]
      Sending HTTP request GET http://localhost:8004/api/user/id/
[LoginRoom] Token mapped for user 11
info: System.Net.Http.HttpClient.Default.ClientHandler[101]
      Received HTTP response headers after 21.9318ms - 200
info: System.Net.Http.HttpClient.Default.LogicalHandler[101]
      End processing HTTP request after 22.1633ms - 200
info: System.Net.Http.HttpClient.Default.LogicalHandler[100]
      Start processing HTTP request GET http://localhost:8004/api/user/friends/list/
info: System.Net.Http.HttpClient.Default.ClientHandler[100]
      Sending HTTP request GET http://localhost:8004/api/user/friends/list/
info: System.Net.Http.HttpClient.Default.ClientHandler[101]
      Received HTTP response headers after 92.5028ms - 200
info: System.Net.Http.HttpClient.Default.LogicalHandler[101]
      End processing HTTP request after 92.6556ms - 200
sent empty online friends
entered Notify
info: System.Net.Http.HttpClient.Default.LogicalHandler[100]
      Start processing HTTP request GET http://localhost:8004/api/user/id/
info: System.Net.Http.HttpClient.Default.ClientHandler[100]
      Sending HTTP request GET http://localhost:8004/api/user/id/
11
info: System.Net.Http.HttpClient.Default.ClientHandler[101]
      Received HTTP response headers after 63.4534ms - 200
info: System.Net.Http.HttpClient.Default.LogicalHandler[101]
      End processing HTTP request after 63.8053ms - 200
info: System.Net.Http.HttpClient.Default.LogicalHandler[100]
      Start processing HTTP request GET http://localhost:8004/api/user/friends/list/
info: System.Net.Http.HttpClient.Default.ClientHandler[100]
      Sending HTTP request GET http://localhost:8004/api/user/friends/list/
info: System.Net.Http.HttpClient.Default.ClientHandler[101]
      Received HTTP response headers after 83.4729ms - 200
info: System.Net.Http.HttpClient.Default.LogicalHandler[101]
      End processing HTTP request after 83.6519ms - 200
Friend ID: 5, Profile Name: a_neklawi, Score: 102
Friend ID: 4, Profile Name: Markizz0, Score: 23
Friend ID: 10, Profile Name: aaaa, Score: 680
Friend ID: 15, Profile Name: aymoon, Score: 20164
