nohup: ignoring input
Building...
info: Microsoft.Hosting.Lifetime[14]
      Now listening on: http://localhost:5274
info: Microsoft.Hosting.Lifetime[0]
      Application started. Press Ctrl+C to shut down.
info: Microsoft.Hosting.Lifetime[0]
      Hosting environment: Development
info: Microsoft.Hosting.Lifetime[0]
      Content root path: /root/BackEnd/WebSocketDotNet/SignalRGame
warn: Microsoft.AspNetCore.HttpsPolicy.HttpsRedirectionMiddleware[3]
      Failed to determine the https port for redirect.
info: System.Net.Http.HttpClient.Default.LogicalHandler[100]
      Start processing HTTP request GET http://localhost:8004/api/user/id/
info: System.Net.Http.HttpClient.Default.ClientHandler[100]
      Sending HTTP request GET http://localhost:8004/api/user/id/
info: System.Net.Http.HttpClient.Default.ClientHandler[101]
      Received HTTP response headers after 107.5378ms - 200
info: System.Net.Http.HttpClient.Default.LogicalHandler[101]
      End processing HTTP request after 131.4333ms - 200
info: System.Net.Http.HttpClient.Default.LogicalHandler[100]
      Start processing HTTP request GET http://localhost:8004/api/user/friends/list/
info: System.Net.Http.HttpClient.Default.ClientHandler[100]
      Sending HTTP request GET http://localhost:8004/api/user/friends/list/
info: System.Net.Http.HttpClient.Default.ClientHandler[101]
      Received HTTP response headers after 36.0715ms - 200
info: System.Net.Http.HttpClient.Default.LogicalHandler[101]
      End processing HTTP request after 36.9251ms - 200
sent empty online friends
entered Notify
info: System.Net.Http.HttpClient.Default.LogicalHandler[100]
      Start processing HTTP request GET http://localhost:8004/api/user/id/
info: System.Net.Http.HttpClient.Default.ClientHandler[100]
      Sending HTTP request GET http://localhost:8004/api/user/id/
info: System.Net.Http.HttpClient.Default.ClientHandler[101]
      Received HTTP response headers after 63.9631ms - 200
info: System.Net.Http.HttpClient.Default.LogicalHandler[101]
      End processing HTTP request after 65.7862ms - 200
4
info: System.Net.Http.HttpClient.Default.LogicalHandler[100]
      Start processing HTTP request GET http://localhost:8004/api/user/friends/list/
info: System.Net.Http.HttpClient.Default.ClientHandler[100]
      Sending HTTP request GET http://localhost:8004/api/user/friends/list/
info: System.Net.Http.HttpClient.Default.ClientHandler[101]
      Received HTTP response headers after 81.302ms - 200
info: System.Net.Http.HttpClient.Default.LogicalHandler[101]
      End processing HTTP request after 82.3081ms - 200
Friend ID: 10, Profile Name: aaaa, Score: -298
Friend ID: 5, Profile Name: a_neklawi, Score: 2
Friend ID: 11, Profile Name: cccc, Score: 2
Friend ID: 6, Profile Name: omarillo, Score: 0
